c:\users\slaba\desktop\uvic degree\comp sci\csc 473\assignment 3\anim\debug\vc142.pdb
c:\users\slaba\desktop\uvic degree\comp sci\csc 473\assignment 3\anim\debug\vc142.idb
c:\users\slaba\desktop\uvic degree\comp sci\csc 473\assignment 3\anim\debug\anim.obj
c:\users\slaba\desktop\uvic degree\comp sci\csc 473\assignment 3\anim\debug\animtcl.obj
c:\users\slaba\desktop\uvic degree\comp sci\csc 473\assignment 3\anim\debug\baseobject.obj
c:\users\slaba\desktop\uvic degree\comp sci\csc 473\assignment 3\anim\debug\basesimulator.obj
c:\users\slaba\desktop\uvic degree\comp sci\csc 473\assignment 3\anim\debug\bob.obj
c:\users\slaba\desktop\uvic degree\comp sci\csc 473\assignment 3\anim\debug\globalresourcemanager.obj
c:\users\slaba\desktop\uvic degree\comp sci\csc 473\assignment 3\anim\debug\hermitespline.obj
c:\users\slaba\desktop\uvic degree\comp sci\csc 473\assignment 3\anim\debug\myscene.obj
c:\users\slaba\desktop\uvic degree\comp sci\csc 473\assignment 3\anim\debug\objectpathsimulator.obj
c:\users\slaba\desktop\uvic degree\comp sci\csc 473\assignment 3\anim\debug\particlesimulator.obj
c:\users\slaba\desktop\uvic degree\comp sci\csc 473\assignment 3\anim\debug\particlesystem.obj
c:\users\slaba\desktop\uvic degree\comp sci\csc 473\assignment 3\anim\debug\resourcemanager.obj
c:\users\slaba\desktop\uvic degree\comp sci\csc 473\assignment 3\anim\debug\basesystem.obj
c:\users\slaba\desktop\uvic degree\comp sci\csc 473\assignment 3\anim\debug\threedmodel.obj
c:\users\slaba\desktop\uvic degree\comp sci\csc 473\assignment 3\anim\debug\bobdraws.obj
c:\users\slaba\desktop\uvic degree\comp sci\csc 473\assignment 3\anim\debug\jacobian.obj
c:\users\slaba\desktop\uvic degree\comp sci\csc 473\assignment 3\anim\debug\betasolver.obj
c:\users\slaba\desktop\uvic degree\comp sci\csc 473\assignment 3\anim\debug\transformations.obj
c:\users\slaba\desktop\uvic degree\comp sci\csc 473\assignment 3\build\anim.exe
c:\users\slaba\desktop\uvic degree\comp sci\csc 473\assignment 3\anim\debug\anim.ilk
c:\users\slaba\desktop\uvic degree\comp sci\csc 473\assignment 3\build\animp.pdb
c:\users\slaba\desktop\uvic degree\comp sci\csc 473\assignment 3\anim\debug\betasolver.obj.enc
c:\users\slaba\desktop\uvic degree\comp sci\csc 473\assignment 3\anim\debug\bob.obj.enc
c:\users\slaba\desktop\uvic degree\comp sci\csc 473\assignment 3\anim\debug\bobdraws.obj.enc
c:\users\slaba\desktop\uvic degree\comp sci\csc 473\assignment 3\anim\debug\myscene.obj.enc
c:\users\slaba\desktop\uvic degree\comp sci\csc 473\assignment 3\anim\debug\anim.tlog\cl.command.1.tlog
c:\users\slaba\desktop\uvic degree\comp sci\csc 473\assignment 3\anim\debug\anim.tlog\cl.read.1.tlog
c:\users\slaba\desktop\uvic degree\comp sci\csc 473\assignment 3\anim\debug\anim.tlog\cl.write.1.tlog
c:\users\slaba\desktop\uvic degree\comp sci\csc 473\assignment 3\anim\debug\anim.tlog\link.command.1.tlog
c:\users\slaba\desktop\uvic degree\comp sci\csc 473\assignment 3\anim\debug\anim.tlog\link.read.1.tlog
c:\users\slaba\desktop\uvic degree\comp sci\csc 473\assignment 3\anim\debug\anim.tlog\link.write.1.tlog
